Determining if the pthread_create exist failed with the following output:
Change Dir: /home/darkwaycode/Escritorio/ULL/S.O/Talk/Talk_v.6/cmake-build-debug/CMakeFiles/CMakeTmp

Run Build Command:"/usr/bin/make" "cmTC_615e5/fast"
/usr/bin/make -f CMakeFiles/cmTC_615e5.dir/build.make CMakeFiles/cmTC_615e5.dir/build
make[1]: se entra en el directorio '/home/darkwaycode/Escritorio/ULL/S.O/Talk/Talk_v.6/cmake-build-debug/CMakeFiles/CMakeTmp'
Building C object CMakeFiles/cmTC_615e5.dir/CheckSymbolExists.c.o
/usr/bin/cc    -o CMakeFiles/cmTC_615e5.dir/CheckSymbolExists.c.o   -c /home/darkwaycode/Escritorio/ULL/S.O/Talk/Talk_v.6/cmake-build-debug/CMakeFiles/CMakeTmp/CheckSymbolExists.c
Linking C executable cmTC_615e5
/snap/clion/61/bin/cmake/linux/bin/cmake -E cmake_link_script CMakeFiles/cmTC_615e5.dir/link.txt --verbose=1
/usr/bin/cc      CMakeFiles/cmTC_615e5.dir/CheckSymbolExists.c.o  -o cmTC_615e5 
CMakeFiles/cmTC_615e5.dir/CheckSymbolExists.c.o: En la función `main':
CheckSymbolExists.c:(.text+0x1b): referencia a `pthread_create' sin definir
collect2: error: ld returned 1 exit status
CMakeFiles/cmTC_615e5.dir/build.make:86: recipe for target 'cmTC_615e5' failed
make[1]: *** [cmTC_615e5] Error 1
make[1]: se sale del directorio '/home/darkwaycode/Escritorio/ULL/S.O/Talk/Talk_v.6/cmake-build-debug/CMakeFiles/CMakeTmp'
Makefile:121: recipe for target 'cmTC_615e5/fast' failed
make: *** [cmTC_615e5/fast] Error 2

File /home/darkwaycode/Escritorio/ULL/S.O/Talk/Talk_v.6/cmake-build-debug/CMakeFiles/CMakeTmp/CheckSymbolExists.c:
/* */
#include <pthread.h>

int main(int argc, char** argv)
{
  (void)argv;
#ifndef pthread_create
  return ((int*)(&pthread_create))[argc];
#else
  (void)argc;
  return 0;
#endif
}

Determining if the function pthread_create exists in the pthreads failed with the following output:
Change Dir: /home/darkwaycode/Escritorio/ULL/S.O/Talk/Talk_v.6/cmake-build-debug/CMakeFiles/CMakeTmp

Run Build Command:"/usr/bin/make" "cmTC_23073/fast"
/usr/bin/make -f CMakeFiles/cmTC_23073.dir/build.make CMakeFiles/cmTC_23073.dir/build
make[1]: se entra en el directorio '/home/darkwaycode/Escritorio/ULL/S.O/Talk/Talk_v.6/cmake-build-debug/CMakeFiles/CMakeTmp'
Building C object CMakeFiles/cmTC_23073.dir/CheckFunctionExists.c.o
/usr/bin/cc   -DCHECK_FUNCTION_EXISTS=pthread_create   -o CMakeFiles/cmTC_23073.dir/CheckFunctionExists.c.o   -c /snap/clion/61/bin/cmake/linux/share/cmake-3.13/Modules/CheckFunctionExists.c
Linking C executable cmTC_23073
/snap/clion/61/bin/cmake/linux/bin/cmake -E cmake_link_script CMakeFiles/cmTC_23073.dir/link.txt --verbose=1
/usr/bin/cc  -DCHECK_FUNCTION_EXISTS=pthread_create    CMakeFiles/cmTC_23073.dir/CheckFunctionExists.c.o  -o cmTC_23073 -lpthreads 
/usr/bin/ld: no se puede encontrar -lpthreads
collect2: error: ld returned 1 exit status
CMakeFiles/cmTC_23073.dir/build.make:86: recipe for target 'cmTC_23073' failed
make[1]: *** [cmTC_23073] Error 1
make[1]: se sale del directorio '/home/darkwaycode/Escritorio/ULL/S.O/Talk/Talk_v.6/cmake-build-debug/CMakeFiles/CMakeTmp'
Makefile:121: recipe for target 'cmTC_23073/fast' failed
make: *** [cmTC_23073/fast] Error 2


